<?xml version="1.0" encoding="UTF-8"?>
<!-- Generated by org.testng.reporters.JUnitReportReporter -->
<testsuite skipped="0" hostname="LAPTOP-SR113PBD" name="com.justdial.testcases.FitnessTestCases" tests="4" failures="0" timestamp="2021-07-03T13:52:42 IST" time="9.032" errors="0">
  <testcase name="fitness" time="7.303" classname="com.justdial.testcases.FitnessTestCases"/>
  <system-out/>
  <testcase name="fitnessMenu" time="0.064" classname="com.justdial.testcases.FitnessTestCases"/>
  <system-out/>
  <testcase name="gym" time="1.605" classname="com.justdial.testcases.FitnessTestCases"/>
  <system-out/>
  <testcase name="gymMenu" time="0.060" classname="com.justdial.testcases.FitnessTestCases"/>
  <system-out/>
</testsuite> <!-- com.justdial.testcases.FitnessTestCases -->
