<?xml version="1.0" encoding="UTF-8"?>
<!-- Generated by org.testng.reporters.JUnitReportReporter -->
<testsuite skipped="0" hostname="LAPTOP-SR113PBD" name="com.justdial.testcases.FreelistingTestCases" tests="6" failures="0" timestamp="2021-07-03T13:52:14 IST" time="11.941" errors="0">
  <testcase name="launch" time="3.558" classname="com.justdial.testcases.FreelistingTestCases"/>
  <system-out/>
  <testcase name="allNullValues" time="0.629" classname="com.justdial.testcases.FreelistingTestCases"/>
  <system-out/>
  <testcase name="companyNullValue" time="1.910" classname="com.justdial.testcases.FreelistingTestCases"/>
  <system-out/>
  <testcase name="mobileNullValue" time="1.600" classname="com.justdial.testcases.FreelistingTestCases"/>
  <system-out/>
  <testcase name="cityNullvalue" time="1.609" classname="com.justdial.testcases.FreelistingTestCases"/>
  <system-out/>
  <testcase name="validDataTest" time="2.635" classname="com.justdial.testcases.FreelistingTestCases"/>
  <system-out/>
</testsuite> <!-- com.justdial.testcases.FreelistingTestCases -->
