<?xml version="1.0" encoding="UTF-8"?>
<!-- Generated by org.testng.reporters.JUnitReportReporter -->
<testsuite skipped="0" hostname="LAPTOP-SR113PBD" name="com.justdial.testcases.HomepageTestCases" tests="10" failures="0" timestamp="2021-07-03T18:06:10 IST" time="39.163" errors="0">
  <testcase name="websiteTest" time="0.608" classname="com.justdial.testcases.HomepageTestCases"/>
  <system-out/>
  <testcase name="elementsTest" time="0.197" classname="com.justdial.testcases.HomepageTestCases"/>
  <system-out/>
  <testcase name="loginPageTest" time="0.866" classname="com.justdial.testcases.HomepageTestCases"/>
  <system-out/>
  <testcase name="locationTest" time="4.153" classname="com.justdial.testcases.HomepageTestCases"/>
  <system-out/>
  <testcase name="searchingTest" time="5.491" classname="com.justdial.testcases.HomepageTestCases"/>
  <system-out/>
  <testcase name="resultPageTest" time="0.816" classname="com.justdial.testcases.HomepageTestCases"/>
  <system-out/>
  <testcase name="bestdealsTest" time="1.423" classname="com.justdial.testcases.HomepageTestCases"/>
  <system-out/>
  <testcase name="ratingCheck" time="0.202" classname="com.justdial.testcases.HomepageTestCases"/>
  <system-out/>
  <testcase name="printData" time="11.671" classname="com.justdial.testcases.HomepageTestCases"/>
  <system-out/>
  <testcase name="dataFromMenubar" time="13.736" classname="com.justdial.testcases.HomepageTestCases"/>
  <system-out/>
</testsuite> <!-- com.justdial.testcases.HomepageTestCases -->
